<?xml version="1.0" encoding="UTF-8" ?>
<testsuite tests="5" failures="0" name="com.wipro.bank.assessment.AppTest" time="0" errors="0" skipped="0">
  <properties>
[...]
</properties>
  <testcase classname="com.wipro.bank.assessment.AppTest" name="testGetAccountDetailsByID1" time="0"/>
  <testcase classname="com.wipro.bank.assessment.AppTest" name="testGetAccountDetailsByID2" time="0"/>
  <testcase classname="com.wipro.bank.assessment.AppTest" name="getAccountDetailsByBalance1" time="0"/>
  <testcase classname="com.wipro.bank.assessment.AppTest" name="getAccountDetailsByBalance2" time="0"/>
  <testcase classname="com.wipro.bank.assessment.AppTest" name="getAccountDetailsByBalance3" time="0"/>
</testsuite>